<?xml version="1.0" encoding="UTF-8"?>
<testng-results ignored="0" total="1" passed="1" failed="0" skipped="0">
  <reporter-output>
  </reporter-output>
  <suite started-at="2023-06-14T01:35:17 IST" name="Default suite" finished-at="2023-06-14T01:35:34 IST" duration-ms="16259">
    <groups>
    </groups>
    <test started-at="2023-06-14T01:35:17 IST" name="Default test" finished-at="2023-06-14T01:35:34 IST" duration-ms="16259">
      <class name="testscripts.Appium_Xpath">
        <test-method signature="xpathPractice()[pri:0, instance:testscripts.Appium_Xpath@942a29c]" started-at="2023-06-14T01:35:18 IST" name="xpathPractice" finished-at="2023-06-14T01:35:34 IST" duration-ms="16149" status="PASS">
          <reporter-output>
          </reporter-output>
        </test-method> <!-- xpathPractice -->
      </class> <!-- testscripts.Appium_Xpath -->
    </test> <!-- Default test -->
  </suite> <!-- Default suite -->
</testng-results>
