<?xml version="1.0" encoding="UTF-8"?>
<testng-results ignored="0" total="1" passed="1" failed="0" skipped="0">
  <reporter-output>
  </reporter-output>
  <suite started-at="2023-06-14T19:05:10 IST" name="Default suite" finished-at="2023-06-14T19:05:25 IST" duration-ms="14745">
    <groups>
    </groups>
    <test started-at="2023-06-14T19:05:10 IST" name="Default test" finished-at="2023-06-14T19:05:25 IST" duration-ms="14745">
      <class name="testscripts.TapOnElement">
        <test-method signature="tapOnElement()[pri:0, instance:testscripts.TapOnElement@130c12b7]" started-at="2023-06-14T19:05:10 IST" name="tapOnElement" finished-at="2023-06-14T19:05:24 IST" duration-ms="14686" status="PASS">
          <reporter-output>
          </reporter-output>
        </test-method> <!-- tapOnElement -->
      </class> <!-- testscripts.TapOnElement -->
    </test> <!-- Default test -->
  </suite> <!-- Default suite -->
</testng-results>
